app/build/intermediates/manifest_merge_blame_file/debug/manifest-merger-blame-debug-report.txt
1<?xml version="1.0" encoding="utf-8"?>
2<manifest xmlns:android="http://schemas.android.com/apk/res/android"
3    package="com.boilerplate.myapp.space.template"
4    android:versionCode="1"
5    android:versionName="1.0" >
6
7    <uses-sdk
8        android:minSdkVersion="21"
8-->src\main\AndroidManifest.xml
9        android:targetSdkVersion="32" />
9-->src\main\AndroidManifest.xml
10
11    <uses-permission android:name="android.permission.INTERNET" />
11-->src\main\AndroidManifest.xml:6:5-67
11-->src\main\AndroidManifest.xml:6:22-64
12    <uses-permission android:name="android.permission.ACCESS_NETWORK_STATE" />
12-->src\main\AndroidManifest.xml:7:5-79
12-->src\main\AndroidManifest.xml:7:22-76
13    <uses-permission android:name="android.permission.READ_EXTERNAL_STORAGE" />
13-->src\main\AndroidManifest.xml:8:5-80
13-->src\main\AndroidManifest.xml:8:22-77
14    <uses-permission android:name="android.permission.WRITE_EXTERNAL_STORAGE" />
14-->src\main\AndroidManifest.xml:9:5-10:40
14-->src\main\AndroidManifest.xml:9:22-78
15    <uses-permission android:name="android.permission.READ_CONTACTS" />
15-->src\main\AndroidManifest.xml:11:5-72
15-->src\main\AndroidManifest.xml:11:22-69
16    <uses-permission android:name="android.permission.QUERY_ALL_PACKAGES" />
16-->src\main\AndroidManifest.xml:12:5-14:53
16-->src\main\AndroidManifest.xml:13:9-61
17    <uses-permission android:name="android.permission.REQUEST_INSTALL_PACKAGES" />
17-->src\main\AndroidManifest.xml:15:5-83
17-->src\main\AndroidManifest.xml:15:22-80
18    <uses-permission android:name="android.permission.MANAGE_EXTERNAL_STORAGE" />
18-->src\main\AndroidManifest.xml:16:5-81
18-->src\main\AndroidManifest.xml:16:22-79
19    <uses-permission android:name="android.permission.CAMERA" />
19-->src\main\AndroidManifest.xml:17:5-64
19-->src\main\AndroidManifest.xml:17:22-62
20
21    <supports-screens
21-->src\main\AndroidManifest.xml:19:5-23:37
22        android:anyDensity="true"
22-->src\main\AndroidManifest.xml:23:9-34
23        android:largeScreens="true"
23-->src\main\AndroidManifest.xml:21:9-36
24        android:normalScreens="true"
24-->src\main\AndroidManifest.xml:20:9-37
25        android:smallScreens="true"
25-->src\main\AndroidManifest.xml:19:23-50
26        android:xlargeScreens="true" />
26-->src\main\AndroidManifest.xml:22:9-37
27
28    <queries>
28-->[com.github.chuckerteam.chucker:library:3.5.2] AndroidManifest.xml:7:5-13:15
29        <intent>
29-->[com.github.chuckerteam.chucker:library:3.5.2] AndroidManifest.xml:8:9-12:18
30            <action android:name="android.intent.action.CREATE_DOCUMENT" />
30-->[com.github.chuckerteam.chucker:library:3.5.2] AndroidManifest.xml:9:13-76
30-->[com.github.chuckerteam.chucker:library:3.5.2] AndroidManifest.xml:9:21-73
31
32            <data android:mimeType="*/*" />
32-->[com.github.chuckerteam.chucker:library:3.5.2] AndroidManifest.xml:11:13-44
32-->[com.github.chuckerteam.chucker:library:3.5.2] AndroidManifest.xml:11:19-41
33        </intent>
34    </queries>
35
36    <uses-permission android:name="com.android.vending.BILLING" /> <!-- Permission will be merged into the manifest of the hosting app. -->
36-->[com.android.billingclient:billing-ktx:5.0.0] AndroidManifest.xml:9:5-67
36-->[com.android.billingclient:billing-ktx:5.0.0] AndroidManifest.xml:9:22-64
37    <!-- Is required to launch foreground extraction service for targetSdkVersion 28+. -->
38    <uses-permission android:name="android.permission.FOREGROUND_SERVICE" />
38-->[com.google.android.play:core:1.8.0] AndroidManifest.xml:8:3-74
38-->[com.google.android.play:core:1.8.0] AndroidManifest.xml:8:20-72
39
40    <application
40-->src\main\AndroidManifest.xml:25:5-61:19
41        android:name="global.cloud.storage.HiltApplication"
41-->src\main\AndroidManifest.xml:26:9-40
42        android:allowBackup="true"
42-->src\main\AndroidManifest.xml:28:9-35
43        android:appComponentFactory="androidx.core.app.CoreComponentFactory"
43-->[androidx.core:core:1.8.0] AndroidManifest.xml:24:18-86
44        android:dataExtractionRules="@xml/data_extraction_rules"
44-->src\main\AndroidManifest.xml:29:9-65
45        android:debuggable="true"
46        android:fullBackupContent="@xml/backup_rules"
46-->src\main\AndroidManifest.xml:30:9-54
47        android:icon="@mipmap/ic_launcher"
47-->src\main\AndroidManifest.xml:31:9-43
48        android:label="@string/app_name"
48-->src\main\AndroidManifest.xml:32:9-41
49        android:largeHeap="true"
49-->src\main\AndroidManifest.xml:27:9-33
50        android:networkSecurityConfig="@xml/network_security_config"
50-->src\main\AndroidManifest.xml:37:9-69
51        android:requestLegacyExternalStorage="true"
51-->src\main\AndroidManifest.xml:38:9-52
52        android:roundIcon="@mipmap/ic_launcher_round"
52-->src\main\AndroidManifest.xml:33:9-54
53        android:supportsRtl="true"
53-->src\main\AndroidManifest.xml:34:9-35
54        android:testOnly="true"
55        android:theme="@style/Theme.CloudStorage" >
55-->src\main\AndroidManifest.xml:35:9-50
56        <activity
56-->src\main\AndroidManifest.xml:39:9-49:20
57            android:name="global.cloud.storage.ui.main.MainActivity"
57-->src\main\AndroidManifest.xml:40:13-49
58            android:exported="true"
58-->src\main\AndroidManifest.xml:41:13-36
59            android:screenOrientation="portrait"
59-->src\main\AndroidManifest.xml:43:13-49
60            android:theme="@style/Theme.App.Starting" >
60-->src\main\AndroidManifest.xml:42:13-54
61            <intent-filter>
61-->src\main\AndroidManifest.xml:44:13-48:29
62                <action android:name="android.intent.action.MAIN" />
62-->src\main\AndroidManifest.xml:45:17-69
62-->src\main\AndroidManifest.xml:45:25-66
63
64                <category android:name="android.intent.category.LAUNCHER" />
64-->src\main\AndroidManifest.xml:47:17-77
64-->src\main\AndroidManifest.xml:47:27-74
65            </intent-filter>
66        </activity>
67
68        <provider
68-->src\main\AndroidManifest.xml:51:9-59:20
69            android:name="androidx.core.content.FileProvider"
69-->src\main\AndroidManifest.xml:52:13-62
70            android:authorities="com.cloudstorage.mycloud.storagespace.cloudapp"
70-->src\main\AndroidManifest.xml:53:13-81
71            android:exported="false"
71-->src\main\AndroidManifest.xml:54:13-37
72            android:grantUriPermissions="true" >
72-->src\main\AndroidManifest.xml:55:13-47
73            <meta-data
73-->src\main\AndroidManifest.xml:56:13-58:58
74                android:name="android.support.FILE_PROVIDER_PATHS"
74-->src\main\AndroidManifest.xml:57:17-67
75                android:resource="@xml/provider_paths" />
75-->src\main\AndroidManifest.xml:58:17-55
76        </provider>
77
78        <activity
78-->[com.github.chuckerteam.chucker:library:3.5.2] AndroidManifest.xml:16:9-21:52
79            android:name="com.chuckerteam.chucker.internal.ui.MainActivity"
79-->[com.github.chuckerteam.chucker:library:3.5.2] AndroidManifest.xml:17:13-76
80            android:label="@string/chucker_name"
80-->[com.github.chuckerteam.chucker:library:3.5.2] AndroidManifest.xml:18:13-49
81            android:launchMode="singleTask"
81-->[com.github.chuckerteam.chucker:library:3.5.2] AndroidManifest.xml:19:13-44
82            android:taskAffinity="com.chuckerteam.chucker.task"
82-->[com.github.chuckerteam.chucker:library:3.5.2] AndroidManifest.xml:20:13-64
83            android:theme="@style/Chucker.Theme" />
83-->[com.github.chuckerteam.chucker:library:3.5.2] AndroidManifest.xml:21:13-49
84        <activity
84-->[com.github.chuckerteam.chucker:library:3.5.2] AndroidManifest.xml:22:9-25:52
85            android:name="com.chuckerteam.chucker.internal.ui.transaction.TransactionActivity"
85-->[com.github.chuckerteam.chucker:library:3.5.2] AndroidManifest.xml:23:13-95
86            android:parentActivityName="com.chuckerteam.chucker.internal.ui.MainActivity"
86-->[com.github.chuckerteam.chucker:library:3.5.2] AndroidManifest.xml:24:13-90
87            android:theme="@style/Chucker.Theme" />
87-->[com.github.chuckerteam.chucker:library:3.5.2] AndroidManifest.xml:25:13-49
88        <activity
88-->[com.github.chuckerteam.chucker:library:3.5.2] AndroidManifest.xml:26:9-29:52
89            android:name="com.chuckerteam.chucker.internal.ui.throwable.ThrowableActivity"
89-->[com.github.chuckerteam.chucker:library:3.5.2] AndroidManifest.xml:27:13-91
90            android:parentActivityName="com.chuckerteam.chucker.internal.ui.MainActivity"
90-->[com.github.chuckerteam.chucker:library:3.5.2] AndroidManifest.xml:28:13-90
91            android:theme="@style/Chucker.Theme" />
91-->[com.github.chuckerteam.chucker:library:3.5.2] AndroidManifest.xml:29:13-49
92
93        <service
93-->[com.github.chuckerteam.chucker:library:3.5.2] AndroidManifest.xml:31:9-33:40
94            android:name="com.chuckerteam.chucker.internal.support.ClearDatabaseService"
94-->[com.github.chuckerteam.chucker:library:3.5.2] AndroidManifest.xml:32:13-89
95            android:exported="false" />
95-->[com.github.chuckerteam.chucker:library:3.5.2] AndroidManifest.xml:33:13-37
96
97        <provider
97-->[com.github.chuckerteam.chucker:library:3.5.2] AndroidManifest.xml:35:9-43:20
98            android:name="com.chuckerteam.chucker.internal.support.ChuckerFileProvider"
98-->[com.github.chuckerteam.chucker:library:3.5.2] AndroidManifest.xml:36:13-88
99            android:authorities="com.boilerplate.myapp.space.template.com.chuckerteam.chucker.provider"
99-->[com.github.chuckerteam.chucker:library:3.5.2] AndroidManifest.xml:37:13-84
100            android:exported="false"
100-->[com.github.chuckerteam.chucker:library:3.5.2] AndroidManifest.xml:38:13-37
101            android:grantUriPermissions="true" >
101-->[com.github.chuckerteam.chucker:library:3.5.2] AndroidManifest.xml:39:13-47
102            <meta-data
102-->src\main\AndroidManifest.xml:56:13-58:58
103                android:name="android.support.FILE_PROVIDER_PATHS"
103-->src\main\AndroidManifest.xml:57:17-67
104                android:resource="@xml/chucker_provider_paths" />
104-->src\main\AndroidManifest.xml:58:17-55
105        </provider>
106
107        <uses-library
107-->[androidx.window:window:1.0.0] AndroidManifest.xml:25:9-27:40
108            android:name="androidx.window.extensions"
108-->[androidx.window:window:1.0.0] AndroidManifest.xml:26:13-54
109            android:required="false" />
109-->[androidx.window:window:1.0.0] AndroidManifest.xml:27:13-37
110        <uses-library
110-->[androidx.window:window:1.0.0] AndroidManifest.xml:28:9-30:40
111            android:name="androidx.window.sidecar"
111-->[androidx.window:window:1.0.0] AndroidManifest.xml:29:13-51
112            android:required="false" />
112-->[androidx.window:window:1.0.0] AndroidManifest.xml:30:13-37
113
114        <activity
114-->[com.google.android.gms:play-services-auth:20.2.0] AndroidManifest.xml:23:9-27:75
115            android:name="com.google.android.gms.auth.api.signin.internal.SignInHubActivity"
115-->[com.google.android.gms:play-services-auth:20.2.0] AndroidManifest.xml:24:13-93
116            android:excludeFromRecents="true"
116-->[com.google.android.gms:play-services-auth:20.2.0] AndroidManifest.xml:25:13-46
117            android:exported="false"
117-->[com.google.android.gms:play-services-auth:20.2.0] AndroidManifest.xml:26:13-37
118            android:theme="@android:style/Theme.Translucent.NoTitleBar" />
118-->[com.google.android.gms:play-services-auth:20.2.0] AndroidManifest.xml:27:13-72
119        <!--
120            Service handling Google Sign-In user revocation. For apps that do not integrate with
121            Google Sign-In, this service will never be started.
122        -->
123        <service
123-->[com.google.android.gms:play-services-auth:20.2.0] AndroidManifest.xml:33:9-37:51
124            android:name="com.google.android.gms.auth.api.signin.RevocationBoundService"
124-->[com.google.android.gms:play-services-auth:20.2.0] AndroidManifest.xml:34:13-89
125            android:exported="true"
125-->[com.google.android.gms:play-services-auth:20.2.0] AndroidManifest.xml:35:13-36
126            android:permission="com.google.android.gms.auth.api.signin.permission.REVOCATION_NOTIFICATION"
126-->[com.google.android.gms:play-services-auth:20.2.0] AndroidManifest.xml:36:13-107
127            android:visibleToInstantApps="true" />
127-->[com.google.android.gms:play-services-auth:20.2.0] AndroidManifest.xml:37:13-48
128
129        <activity
129-->[com.google.android.gms:play-services-base:18.0.1] AndroidManifest.xml:20:9-22:45
130            android:name="com.google.android.gms.common.api.GoogleApiActivity"
130-->[com.google.android.gms:play-services-base:18.0.1] AndroidManifest.xml:20:19-85
131            android:exported="false"
131-->[com.google.android.gms:play-services-base:18.0.1] AndroidManifest.xml:22:19-43
132            android:theme="@android:style/Theme.Translucent.NoTitleBar" />
132-->[com.google.android.gms:play-services-base:18.0.1] AndroidManifest.xml:21:19-78
133
134        <meta-data
134-->[com.google.android.gms:play-services-basement:18.0.0] AndroidManifest.xml:21:9-23:69
135            android:name="com.google.android.gms.version"
135-->[com.google.android.gms:play-services-basement:18.0.0] AndroidManifest.xml:22:13-58
136            android:value="@integer/google_play_services_version" />
136-->[com.google.android.gms:play-services-basement:18.0.0] AndroidManifest.xml:23:13-66
137
138        <provider
138-->[com.squareup.picasso:picasso:2.8] AndroidManifest.xml:8:9-11:40
139            android:name="com.squareup.picasso.PicassoProvider"
139-->[com.squareup.picasso:picasso:2.8] AndroidManifest.xml:9:13-64
140            android:authorities="com.boilerplate.myapp.space.template.com.squareup.picasso"
140-->[com.squareup.picasso:picasso:2.8] AndroidManifest.xml:10:13-72
141            android:exported="false" />
141-->[com.squareup.picasso:picasso:2.8] AndroidManifest.xml:11:13-37
142
143        <meta-data
143-->[com.android.billingclient:billing:5.0.0] AndroidManifest.xml:13:9-15:37
144            android:name="com.google.android.play.billingclient.version"
144-->[com.android.billingclient:billing:5.0.0] AndroidManifest.xml:14:13-73
145            android:value="5.0.0" />
145-->[com.android.billingclient:billing:5.0.0] AndroidManifest.xml:15:13-34
146
147        <activity
147-->[com.android.billingclient:billing:5.0.0] AndroidManifest.xml:17:9-21:75
148            android:name="com.android.billingclient.api.ProxyBillingActivity"
148-->[com.android.billingclient:billing:5.0.0] AndroidManifest.xml:18:13-78
149            android:configChanges="keyboard|keyboardHidden|screenLayout|screenSize|orientation"
149-->[com.android.billingclient:billing:5.0.0] AndroidManifest.xml:19:13-96
150            android:exported="false"
150-->[com.android.billingclient:billing:5.0.0] AndroidManifest.xml:20:13-37
151            android:theme="@android:style/Theme.Translucent.NoTitleBar" />
151-->[com.android.billingclient:billing:5.0.0] AndroidManifest.xml:21:13-72
152
153        <provider
153-->[androidx.emoji2:emoji2:1.2.0] AndroidManifest.xml:24:9-32:20
154            android:name="androidx.startup.InitializationProvider"
154-->[androidx.emoji2:emoji2:1.2.0] AndroidManifest.xml:25:13-67
155            android:authorities="com.boilerplate.myapp.space.template.androidx-startup"
155-->[androidx.emoji2:emoji2:1.2.0] AndroidManifest.xml:26:13-68
156            android:exported="false" >
156-->[androidx.emoji2:emoji2:1.2.0] AndroidManifest.xml:27:13-37
157            <meta-data
157-->[androidx.emoji2:emoji2:1.2.0] AndroidManifest.xml:29:13-31:52
158                android:name="androidx.emoji2.text.EmojiCompatInitializer"
158-->[androidx.emoji2:emoji2:1.2.0] AndroidManifest.xml:30:17-75
159                android:value="androidx.startup" />
159-->[androidx.emoji2:emoji2:1.2.0] AndroidManifest.xml:31:17-49
160            <meta-data
160-->[androidx.lifecycle:lifecycle-process:2.4.1] AndroidManifest.xml:31:13-33:52
161                android:name="androidx.lifecycle.ProcessLifecycleInitializer"
161-->[androidx.lifecycle:lifecycle-process:2.4.1] AndroidManifest.xml:32:17-78
162                android:value="androidx.startup" />
162-->[androidx.lifecycle:lifecycle-process:2.4.1] AndroidManifest.xml:33:17-49
163        </provider>
164
165        <service
165-->[androidx.room:room-runtime:2.3.0] AndroidManifest.xml:25:9-28:40
166            android:name="androidx.room.MultiInstanceInvalidationService"
166-->[androidx.room:room-runtime:2.3.0] AndroidManifest.xml:26:13-74
167            android:directBootAware="true"
167-->[androidx.room:room-runtime:2.3.0] AndroidManifest.xml:27:13-43
168            android:exported="false" /> <!-- The activities will be merged into the manifest of the hosting app. -->
168-->[androidx.room:room-runtime:2.3.0] AndroidManifest.xml:28:13-37
169        <activity
169-->[com.google.android.play:core:1.8.0] AndroidManifest.xml:12:5-271
170            android:name="com.google.android.play.core.missingsplits.PlayCoreMissingSplitsActivity"
170-->[com.google.android.play:core:1.8.0] AndroidManifest.xml:12:15-102
171            android:enabled="false"
171-->[com.google.android.play:core:1.8.0] AndroidManifest.xml:12:103-126
172            android:exported="false"
172-->[com.google.android.play:core:1.8.0] AndroidManifest.xml:12:127-151
173            android:launchMode="singleInstance"
173-->[com.google.android.play:core:1.8.0] AndroidManifest.xml:12:204-239
174            android:process=":playcore_missing_splits_activity"
174-->[com.google.android.play:core:1.8.0] AndroidManifest.xml:12:152-203
175            android:stateNotNeeded="true" />
175-->[com.google.android.play:core:1.8.0] AndroidManifest.xml:12:240-269
176        <activity
176-->[com.google.android.play:core:1.8.0] AndroidManifest.xml:13:5-226
177            android:name="com.google.android.play.core.common.PlayCoreDialogWrapperActivity"
177-->[com.google.android.play:core:1.8.0] AndroidManifest.xml:13:15-95
178            android:enabled="false"
178-->[com.google.android.play:core:1.8.0] AndroidManifest.xml:13:96-119
179            android:exported="false"
179-->[com.google.android.play:core:1.8.0] AndroidManifest.xml:13:120-144
180            android:stateNotNeeded="true"
180-->[com.google.android.play:core:1.8.0] AndroidManifest.xml:13:145-174
181            android:theme="@style/Theme.PlayCore.Transparent" /> <!-- The service will be merged into the manifest of the hosting app. -->
181-->[com.google.android.play:core:1.8.0] AndroidManifest.xml:13:175-224
182        <service
182-->[com.google.android.play:core:1.8.0] AndroidManifest.xml:16:5-145
183            android:name="com.google.android.play.core.assetpacks.AssetPackExtractionService"
183-->[com.google.android.play:core:1.8.0] AndroidManifest.xml:16:14-95
184            android:enabled="false"
184-->[com.google.android.play:core:1.8.0] AndroidManifest.xml:16:96-119
185            android:exported="true" />
185-->[com.google.android.play:core:1.8.0] AndroidManifest.xml:16:120-143
186    </application>
187
188</manifest>